2024-04-03 20:31:47.481 [info] Log level: Info
2024-04-03 20:31:47.481 [info] Validating found git in: "git"
2024-04-03 20:31:47.482 [info] Using git "2.34.1" from "git"
2024-04-03 20:32:02.238 [info] > git rev-parse --show-toplevel [121ms]
2024-04-03 20:32:26.386 [info] > git rev-parse --show-toplevel [2ms]
2024-04-03 20:32:26.391 [info] > git rev-parse --git-dir --git-common-dir [1ms]
2024-04-03 20:32:26.401 [info] Open repository: /home/yoel/git-practice
2024-04-03 20:32:26.406 [info] > git config --get commit.template [1ms]
2024-04-03 20:32:26.411 [info] No remotes found in the git config file.
2024-04-03 20:32:26.412 [info] > git for-each-ref --format=%(refname)%00%(upstream:short)%00%(objectname)%00%(upstream:track)%00%(upstream:remotename)%00%(upstream:remoteref) refs/heads/master refs/remotes/master [2ms]
2024-04-03 20:32:26.418 [info] > git status -z -uall [2ms]
2024-04-03 20:32:26.431 [info] > git config --get commit.template [1ms]
2024-04-03 20:32:26.434 [info] No remotes found in the git config file.
2024-04-03 20:32:26.435 [info] > git for-each-ref --format=%(refname)%00%(upstream:short)%00%(objectname)%00%(upstream:track)%00%(upstream:remotename)%00%(upstream:remoteref) refs/heads/master refs/remotes/master [1ms]
2024-04-03 20:32:26.440 [info] > git status -z -uall [0ms]
2024-04-03 20:32:26.713 [info] > git show --textconv :index.js [5ms]
2024-04-03 20:32:26.713 [info] > git ls-files --stage -- /home/yoel/git-practice/index.js [1ms]
2024-04-03 20:32:26.922 [info] > git check-ignore -v -z --stdin [1ms]
2024-04-03 20:33:04.502 [info] > git config --get commit.template [1ms]
2024-04-03 20:33:04.506 [info] No remotes found in the git config file.
2024-04-03 20:33:04.506 [info] > git for-each-ref --format=%(refname)%00%(upstream:short)%00%(objectname)%00%(upstream:track)%00%(upstream:remotename)%00%(upstream:remoteref) refs/heads/master refs/remotes/master [1ms]
2024-04-03 20:33:04.511 [info] > git status -z -uall [1ms]
2024-04-03 20:33:29.402 [info] > git config --get commit.template [2ms]
2024-04-03 20:33:29.406 [info] No remotes found in the git config file.
2024-04-03 20:33:29.407 [info] > git for-each-ref --format=%(refname)%00%(upstream:short)%00%(objectname)%00%(upstream:track)%00%(upstream:remotename)%00%(upstream:remoteref) refs/heads/master refs/remotes/master [2ms]
2024-04-03 20:33:29.411 [info] > git status -z -uall [1ms]
2024-04-03 20:33:29.427 [info] > git ls-files --stage -- /home/yoel/git-practice/index.js [1ms]
2024-04-03 20:33:29.431 [info] > git cat-file -s f0448630b9adbd86d3b4db984c1c2689f9cb7744 [1ms]
2024-04-03 20:33:29.482 [info] > git show --textconv :index.js [1ms]
2024-04-03 20:33:30.832 [info] > git show --textconv :.git/COMMIT_EDITMSG [5ms]
2024-04-03 20:33:30.832 [info] > git ls-files --stage -- /home/yoel/git-practice/.git/COMMIT_EDITMSG [2ms]
2024-04-03 20:33:31.148 [info] > git check-ignore -v -z --stdin [1ms]
2024-04-03 20:33:31.796 [info] > git ls-files --stage -- /home/yoel/git-practice/.git/COMMIT_EDITMSG [1ms]
2024-04-03 20:33:31.804 [info] > git show --textconv :.git/COMMIT_EDITMSG [1ms]
2024-04-03 20:33:42.595 [info] > git show --textconv :index.js [5ms]
2024-04-03 20:33:42.596 [info] > git ls-files --stage -- /home/yoel/git-practice/index.js [2ms]
2024-04-03 20:33:42.601 [info] > git cat-file -s f0448630b9adbd86d3b4db984c1c2689f9cb7744 [1ms]
2024-04-03 20:33:46.018 [info] > git show --textconv HEAD:index.js [16ms]
2024-04-03 20:33:46.018 [info] > git show --textconv :index.js [11ms]
2024-04-03 20:33:46.018 [info] > git ls-tree -l HEAD -- /home/yoel/git-practice/index.js [6ms]
2024-04-03 20:33:46.018 [info] fatal: Not a valid object name HEAD
2024-04-03 20:33:46.022 [info] > git ls-files --stage -- /home/yoel/git-practice/index.js [6ms]
2024-04-03 20:33:46.027 [info] > git cat-file -s f0448630b9adbd86d3b4db984c1c2689f9cb7744 [0ms]
2024-04-03 20:33:46.521 [info] > git check-ignore -v -z --stdin [1ms]
2024-04-03 20:33:57.259 [info] > git show --textconv :index.js [4ms]
2024-04-03 20:33:57.260 [info] > git ls-files --stage -- /home/yoel/git-practice/index.js [2ms]
2024-04-03 20:33:57.264 [info] > git cat-file -s f0448630b9adbd86d3b4db984c1c2689f9cb7744 [1ms]
2024-04-03 20:33:58.589 [info] > git show --textconv :.git/COMMIT_EDITMSG [5ms]
2024-04-03 20:33:58.590 [info] > git ls-files --stage -- /home/yoel/git-practice/.git/COMMIT_EDITMSG [2ms]
2024-04-03 20:34:00.041 [info] > git -c user.useConfigOnly=true commit --quiet [29541ms]
2024-04-03 20:34:00.041 [info] Aborting commit due to empty commit message.
2024-04-03 20:34:00.047 [info] > git config --get commit.template [1ms]
2024-04-03 20:34:00.050 [info] No remotes found in the git config file.
2024-04-03 20:34:00.051 [info] > git for-each-ref --format=%(refname)%00%(upstream:short)%00%(objectname)%00%(upstream:track)%00%(upstream:remotename)%00%(upstream:remoteref) refs/heads/master refs/remotes/master [1ms]
2024-04-03 20:34:00.055 [info] > git status -z -uall [1ms]
2024-04-03 20:34:00.281 [info] > git show --textconv :index.js [5ms]
2024-04-03 20:34:00.282 [info] > git ls-files --stage -- /home/yoel/git-practice/index.js [2ms]
2024-04-03 20:34:00.287 [info] > git cat-file -s f0448630b9adbd86d3b4db984c1c2689f9cb7744 [1ms]
2024-04-03 20:34:04.628 [info] > git show --textconv :.git/COMMIT_EDITMSG [5ms]
2024-04-03 20:34:04.629 [info] > git ls-files --stage -- /home/yoel/git-practice/.git/COMMIT_EDITMSG [2ms]
2024-04-03 20:34:05.576 [info] > git ls-files --stage -- /home/yoel/git-practice/.git/COMMIT_EDITMSG [1ms]
2024-04-03 20:34:05.583 [info] > git show --textconv :.git/COMMIT_EDITMSG [1ms]
2024-04-03 20:34:14.113 [info] > git ls-files --stage -- /home/yoel/git-practice/.git/COMMIT_EDITMSG [1ms]
2024-04-03 20:34:14.120 [info] > git show --textconv :.git/COMMIT_EDITMSG [1ms]
2024-04-03 20:34:16.577 [info] > git ls-files --stage -- /home/yoel/git-practice/.git/COMMIT_EDITMSG [1ms]
2024-04-03 20:34:16.585 [info] > git show --textconv :.git/COMMIT_EDITMSG [1ms]
2024-04-03 20:34:41.646 [info] > git -c user.useConfigOnly=true commit --quiet [37328ms]
2024-04-03 20:34:41.651 [info] > git config --get commit.template [1ms]
2024-04-03 20:34:41.655 [info] No remotes found in the git config file.
2024-04-03 20:34:41.656 [info] > git for-each-ref --format=%(refname)%00%(upstream:short)%00%(objectname)%00%(upstream:track)%00%(upstream:remotename)%00%(upstream:remoteref) refs/heads/master refs/remotes/master [1ms]
2024-04-03 20:34:41.661 [info] > git status -z -uall [1ms]
2024-04-03 20:34:41.680 [info] > git for-each-ref --format=%(refname)%00%(upstream:short)%00%(objectname)%00%(upstream:track)%00%(upstream:remotename)%00%(upstream:remoteref) refs/heads/master [1ms]
2024-04-03 20:34:41.686 [info] > git config --local branch.master.vscode-merge-base [1ms]
2024-04-03 20:34:41.699 [info] > git reflog refs/heads/master --grep-reflog=branch: Created from *. [10ms]
2024-04-03 20:34:41.704 [info] > git config --get commit.template [6ms]
2024-04-03 20:34:41.708 [info] No remotes found in the git config file.
2024-04-03 20:34:41.708 [info] > git symbolic-ref --short refs/remotes/origin/HEAD [5ms]
2024-04-03 20:34:41.708 [info] fatal: ref refs/remotes/origin/HEAD is not a symbolic ref
2024-04-03 20:34:41.709 [info] > git for-each-ref --format=%(refname)%00%(upstream:short)%00%(objectname)%00%(upstream:track)%00%(upstream:remotename)%00%(upstream:remoteref) refs/heads/master refs/remotes/master [1ms]
2024-04-03 20:34:41.715 [info] > git status -z -uall [2ms]
2024-04-03 20:34:42.035 [info] > git show --textconv :index.js [5ms]
2024-04-03 20:34:42.036 [info] > git ls-files --stage -- /home/yoel/git-practice/index.js [2ms]
2024-04-03 20:34:42.042 [info] > git cat-file -s f0448630b9adbd86d3b4db984c1c2689f9cb7744 [3ms]
2024-04-03 20:34:42.815 [info] > git config --get commit.template [0ms]
2024-04-03 20:34:42.819 [info] No remotes found in the git config file.
2024-04-03 20:34:42.820 [info] > git for-each-ref --format=%(refname)%00%(upstream:short)%00%(objectname)%00%(upstream:track)%00%(upstream:remotename)%00%(upstream:remoteref) refs/heads/master refs/remotes/master [0ms]
2024-04-03 20:34:42.824 [info] > git status -z -uall [1ms]
2024-04-03 20:34:42.920 [info] > git ls-files --stage -- /home/yoel/git-practice/index.js [1ms]
2024-04-03 20:34:42.927 [info] > git cat-file -s f0448630b9adbd86d3b4db984c1c2689f9cb7744 [2ms]
2024-04-03 20:34:42.936 [info] > git show --textconv :index.js [2ms]
2024-04-03 20:34:54.587 [info] > git config --get commit.template [2ms]
2024-04-03 20:34:54.592 [info] No remotes found in the git config file.
2024-04-03 20:34:54.593 [info] > git for-each-ref --format=%(refname)%00%(upstream:short)%00%(objectname)%00%(upstream:track)%00%(upstream:remotename)%00%(upstream:remoteref) refs/heads/master refs/remotes/master [1ms]
2024-04-03 20:34:54.598 [info] > git status -z -uall [1ms]
2024-04-03 20:35:16.978 [info] > git config --get commit.template [9ms]
2024-04-03 20:35:16.978 [info] No remotes found in the git config file.
2024-04-03 20:35:16.979 [info] > git for-each-ref --format=%(refname)%00%(upstream:short)%00%(objectname)%00%(upstream:track)%00%(upstream:remotename)%00%(upstream:remoteref) refs/heads/master refs/remotes/master [2ms]
2024-04-03 20:35:16.982 [info] > git ls-files --stage -- /home/yoel/git-practice/index.js [8ms]
2024-04-03 20:35:16.986 [info] > git status -z -uall [4ms]
2024-04-03 20:35:16.989 [info] > git cat-file -s f0448630b9adbd86d3b4db984c1c2689f9cb7744 [3ms]
2024-04-03 20:35:17.051 [info] > git show --textconv :index.js [0ms]
2024-04-03 20:35:24.800 [info] No remotes found in the git config file.
2024-04-03 20:35:24.801 [info] > git config --get commit.template [5ms]
2024-04-03 20:35:24.801 [info] > git for-each-ref --format=%(refname)%00%(upstream:short)%00%(objectname)%00%(upstream:track)%00%(upstream:remotename)%00%(upstream:remoteref) refs/heads/master refs/remotes/master [1ms]
2024-04-03 20:35:24.805 [info] > git status -z -uall [1ms]
2024-04-03 20:37:16.024 [info] > git config --get commit.template [7ms]
2024-04-03 20:37:16.027 [info] No remotes found in the git config file.
2024-04-03 20:37:16.027 [info] > git ls-files --stage -- /home/yoel/git-practice/index.js [4ms]
2024-04-03 20:37:16.032 [info] > git for-each-ref --format=%(refname)%00%(upstream:short)%00%(objectname)%00%(upstream:track)%00%(upstream:remotename)%00%(upstream:remoteref) refs/heads/master refs/remotes/master [5ms]
2024-04-03 20:37:16.037 [info] > git status -z -uall [2ms]
2024-04-03 20:37:16.037 [info] > git cat-file -s 699e9990ed0639e79bba85e5260c4da1f0dd2c2c [5ms]
2024-04-03 20:37:16.055 [info] > git show --textconv :index.js [0ms]
2024-04-03 20:37:16.055 [info] > git for-each-ref --format=%(refname)%00%(upstream:short)%00%(objectname)%00%(upstream:track)%00%(upstream:remotename)%00%(upstream:remoteref) refs/heads/master [5ms]
2024-04-03 20:37:16.060 [info] > git config --local branch.master.vscode-merge-base [2ms]
2024-04-03 20:37:16.065 [info] > git reflog refs/heads/master --grep-reflog=branch: Created from *. [1ms]
2024-04-03 20:37:16.070 [info] > git symbolic-ref --short refs/remotes/origin/HEAD [1ms]
2024-04-03 20:37:16.070 [info] fatal: ref refs/remotes/origin/HEAD is not a symbolic ref
2024-04-04 00:50:55.129 [info] > git config --get commit.template [1ms]
2024-04-04 00:50:55.133 [info] No remotes found in the git config file.
2024-04-04 00:50:55.134 [info] > git for-each-ref --format=%(refname)%00%(upstream:short)%00%(objectname)%00%(upstream:track)%00%(upstream:remotename)%00%(upstream:remoteref) refs/heads/master refs/remotes/master [1ms]
2024-04-04 00:50:55.141 [info] > git status -z -uall [2ms]
